c:\c++\f4seprojects\snapdragon\naf\f4se-plugin\naficator\naficator.dir\release\form.obj
c:\c++\f4seprojects\snapdragon\naf\f4se-plugin\naficator\naficator.dir\release\animation.obj
c:\c++\f4seprojects\snapdragon\naf\f4se-plugin\naficator\naficator.dir\release\parsedobject.obj
c:\c++\f4seprojects\snapdragon\naf\f4se-plugin\naficator\naficator.dir\release\animationgroup.obj
c:\c++\f4seprojects\snapdragon\naf\f4se-plugin\naficator\naficator.dir\release\naficate.obj
c:\c++\f4seprojects\snapdragon\naf\f4se-plugin\naficator\naficator.dir\release\xmlfile.obj
c:\c++\f4seprojects\snapdragon\naf\f4se-plugin\naficator\naficator.dir\release\pugixml.obj
c:\c++\f4seprojects\snapdragon\naf\f4se-plugin\naficator\naficator.dir\release\naficator_main.obj
c:\c++\f4seprojects\snapdragon\naf\f4se-plugin\naficator\naficator.dir\release\overlay.obj
c:\c++\f4seprojects\snapdragon\naf\f4se-plugin\naficator\naficator.dir\release\ini.obj
c:\c++\f4seprojects\snapdragon\naf\f4se-plugin\naficator\naficator.dir\release\tag.obj
c:\c++\f4seprojects\snapdragon\naf\f4se-plugin\naficator\naficator.dir\release\morphset.obj
c:\c++\f4seprojects\snapdragon\naf\f4se-plugin\naficator\naficator.dir\release\equipmentset.obj
c:\c++\f4seprojects\snapdragon\naf\f4se-plugin\naficator\naficator.dir\release\mfgset.obj
c:\c++\f4seprojects\snapdragon\naf\f4se-plugin\naficator\naficator.dir\release\positiontree.obj
c:\c++\f4seprojects\snapdragon\naf\f4se-plugin\naficator\naficator.dir\release\race.obj
c:\c++\f4seprojects\snapdragon\naf\f4se-plugin\naficator\naficator.dir\release\objects_map.obj
c:\c++\f4seprojects\snapdragon\naf\f4se-plugin\naficator\naficator.dir\release\furniture.obj
c:\c++\f4seprojects\snapdragon\naf\f4se-plugin\naficator\naficator.dir\release\utility.obj
c:\c++\f4seprojects\snapdragon\naf\f4se-plugin\naficator\naficator.dir\release\protectedequipment.obj
c:\c++\f4seprojects\snapdragon\naf\f4se-plugin\naficator\naficator.dir\release\action.obj
c:\c++\f4seprojects\snapdragon\naf\f4se-plugin\naficator\naficator.dir\release\position.obj
c:\c++\f4seprojects\snapdragon\naf\f4se-plugin\naficator\naficator.dir\release\threadpool.obj
c:\c++\f4seprojects\snapdragon\naf\f4se-plugin\naficator\naficator.dir\release\conditionset.obj
c:\c++\f4seprojects\snapdragon\naf\f4se-plugin\naficator\naficator.dir\release\vc143.pdb
e:\games\fallout 4\mo2\mods\naficator\f4se\plugins\naficator.dll
e:\games\fallout 4\mo2\mods\naficator\f4se\plugins\naficator.pdb
e:\games\fallout 4\mo2\mods\naficator\f4se\plugins\naficator.lib
e:\games\fallout 4\mo2\mods\naficator\f4se\plugins\naficator.exp
c:\c++\f4seprojects\snapdragon\naf\f4se-plugin\naficator\naficator.dir\release\naficator.ipdb
c:\c++\f4seprojects\snapdragon\naf\f4se-plugin\naficator\naficator.dir\release\naficator.iobj
c:\c++\f4seprojects\snapdragon\naf\f4se-plugin\naficator\naficator.dir\release\naficator.tlog\cl.command.1.tlog
c:\c++\f4seprojects\snapdragon\naf\f4se-plugin\naficator\naficator.dir\release\naficator.tlog\cl.items.tlog
c:\c++\f4seprojects\snapdragon\naf\f4se-plugin\naficator\naficator.dir\release\naficator.tlog\cl.read.1.tlog
c:\c++\f4seprojects\snapdragon\naf\f4se-plugin\naficator\naficator.dir\release\naficator.tlog\cl.write.1.tlog
c:\c++\f4seprojects\snapdragon\naf\f4se-plugin\naficator\naficator.dir\release\naficator.tlog\link.command.1.tlog
c:\c++\f4seprojects\snapdragon\naf\f4se-plugin\naficator\naficator.dir\release\naficator.tlog\link.read.1.tlog
c:\c++\f4seprojects\snapdragon\naf\f4se-plugin\naficator\naficator.dir\release\naficator.tlog\link.secondary.1.tlog
c:\c++\f4seprojects\snapdragon\naf\f4se-plugin\naficator\naficator.dir\release\naficator.tlog\link.write.1.tlog
