  Form.cpp
  NAFicate.cpp
  NAFicator_main.cpp
  Action.cpp
  Animation.cpp
  AnimationGroup.cpp
  ConditionSet.cpp
  EquipmentSet.cpp
  Furniture.cpp
  MfgSet.cpp
  MorphSet.cpp
  Overlay.cpp
  ParsedObject.cpp
  Position.cpp
  PositionTree.cpp
  ProtectedEquipment.cpp
  Race.cpp
  Tag.cpp
  ThreadPool.cpp
     Создается библиотека E:\Games\Fallout 4\MO2\mods\NAFicator\F4SE\Plugins\NAFicator.lib и объект E:\Games\Fallout 4\MO2\mods\NAFicator\F4SE\Plugins\NAFicator.exp
  Создание кода
  Compiler switch has changed, fall back to full compilation.
  All 10227 functions were compiled because no usable IPDB/IOBJ from previous compilation was found.
  Создание кода завершено
  NAFicator.vcxproj -> E:\Games\Fallout 4\MO2\mods\NAFicator\F4SE\Plugins\NAFicator.dll
